<?xml version="1.0" encoding="UTF-8"?>
<!-- Generated by org.testng.reporters.JUnitReportReporter -->
<testsuite hostname="DESKTOP-0K2A0LK" failures="0" tests="1" name="com.apachepoi.excel.wirte.webtabledata.intoexcel.WebTableToExcel" time="261.727" errors="0" timestamp="2024-02-18T06:35:54 GMT" skipped="0">
  <testcase classname="com.apachepoi.excel.wirte.webtabledata.intoexcel.WebTableToExcel" name="webTableToExcel" time="261.727"/>
</testsuite> <!-- com.apachepoi.excel.wirte.webtabledata.intoexcel.WebTableToExcel -->
